Library/Bee/Android/Prj/IL2CPP/Gradle/launcher/build/intermediates/manifest_merge_blame_file/release/manifest-merger-blame-release-report.txt
1<?xml version="1.0" encoding="utf-8"?>
2<manifest xmlns:android="http://schemas.android.com/apk/res/android"
3    package="com.MatthewDemoe.FloppaBird"
4    android:installLocation="preferExternal"
5    android:versionCode="11"
6    android:versionName="1.11" >
7
8    <uses-sdk
9        android:minSdkVersion="28"
9-->src\main\AndroidManifest.xml
10        android:targetSdkVersion="33" />
10-->src\main\AndroidManifest.xml
11
12    <supports-screens
12-->src\main\AndroidManifest.xml:3:3-163
13        android:anyDensity="true"
13-->src\main\AndroidManifest.xml:3:135-160
14        android:largeScreens="true"
14-->src\main\AndroidManifest.xml:3:78-105
15        android:normalScreens="true"
15-->src\main\AndroidManifest.xml:3:49-77
16        android:smallScreens="true"
16-->src\main\AndroidManifest.xml:3:21-48
17        android:xlargeScreens="true" />
17-->src\main\AndroidManifest.xml:3:106-134
18
19    <uses-feature android:glEsVersion="0x00030000" />
19-->[:unityLibrary] AndroidManifest.xml:12:5-54
19-->[:unityLibrary] AndroidManifest.xml:12:19-51
20    <uses-feature
20-->[:unityLibrary] AndroidManifest.xml:13:5-15:36
21        android:name="android.hardware.vulkan.version"
21-->[:unityLibrary] AndroidManifest.xml:14:9-55
22        android:required="false" />
22-->[:unityLibrary] AndroidManifest.xml:15:9-33
23    <uses-feature
23-->[:unityLibrary] AndroidManifest.xml:16:5-18:36
24        android:name="android.hardware.touchscreen"
24-->[:unityLibrary] AndroidManifest.xml:17:9-52
25        android:required="false" />
25-->[:unityLibrary] AndroidManifest.xml:18:9-33
26    <uses-feature
26-->[:unityLibrary] AndroidManifest.xml:19:5-21:36
27        android:name="android.hardware.touchscreen.multitouch"
27-->[:unityLibrary] AndroidManifest.xml:20:9-63
28        android:required="false" />
28-->[:unityLibrary] AndroidManifest.xml:21:9-33
29    <uses-feature
29-->[:unityLibrary] AndroidManifest.xml:22:5-24:36
30        android:name="android.hardware.touchscreen.multitouch.distinct"
30-->[:unityLibrary] AndroidManifest.xml:23:9-72
31        android:required="false" />
31-->[:unityLibrary] AndroidManifest.xml:24:9-33
32
33    <application
33-->src\main\AndroidManifest.xml:4:3-83
34        android:debuggable="false"
34-->[:unityLibrary] AndroidManifest.xml:27:9-35
35        android:extractNativeLibs="true"
35-->[:unityLibrary] AndroidManifest.xml:28:9-41
36        android:hardwareAccelerated="true"
36-->[:unityLibrary] AndroidManifest.xml:29:9-43
37        android:icon="@mipmap/app_icon"
37-->src\main\AndroidManifest.xml:4:49-80
38        android:label="@string/app_name" >
38-->src\main\AndroidManifest.xml:4:16-48
39        <activity
39-->[:unityLibrary] AndroidManifest.xml:30:9-51:20
40            android:name="com.unity3d.player.UnityPlayerActivity"
40-->[:unityLibrary] AndroidManifest.xml:31:13-66
41            android:configChanges="mcc|mnc|locale|touchscreen|keyboard|keyboardHidden|navigation|orientation|screenLayout|uiMode|screenSize|smallestScreenSize|fontScale|layoutDirection|density"
41-->[:unityLibrary] AndroidManifest.xml:32:13-194
42            android:exported="true"
42-->[:unityLibrary] AndroidManifest.xml:33:13-36
43            android:hardwareAccelerated="true"
43-->[:unityLibrary] AndroidManifest.xml:34:13-47
44            android:launchMode="singleTask"
44-->[:unityLibrary] AndroidManifest.xml:35:13-44
45            android:resizeableActivity="false"
45-->[:unityLibrary] AndroidManifest.xml:36:13-47
46            android:screenOrientation="fullUser"
46-->[:unityLibrary] AndroidManifest.xml:37:13-49
47            android:theme="@style/UnityThemeSelector" >
47-->[:unityLibrary] AndroidManifest.xml:38:13-54
48            <intent-filter>
48-->[:unityLibrary] AndroidManifest.xml:39:13-43:29
49                <action android:name="android.intent.action.MAIN" />
49-->[:unityLibrary] AndroidManifest.xml:40:17-69
49-->[:unityLibrary] AndroidManifest.xml:40:25-66
50
51                <category android:name="android.intent.category.LAUNCHER" />
51-->[:unityLibrary] AndroidManifest.xml:42:17-77
51-->[:unityLibrary] AndroidManifest.xml:42:27-74
52            </intent-filter>
53
54            <meta-data
54-->[:unityLibrary] AndroidManifest.xml:45:13-47:40
55                android:name="unityplayer.UnityActivity"
55-->[:unityLibrary] AndroidManifest.xml:46:17-57
56                android:value="true" />
56-->[:unityLibrary] AndroidManifest.xml:47:17-37
57            <meta-data
57-->[:unityLibrary] AndroidManifest.xml:48:13-50:40
58                android:name="android.notch_support"
58-->[:unityLibrary] AndroidManifest.xml:49:17-53
59                android:value="true" />
59-->[:unityLibrary] AndroidManifest.xml:50:17-37
60        </activity>
61
62        <meta-data
62-->[:unityLibrary] AndroidManifest.xml:53:9-55:33
63            android:name="unity.splash-mode"
63-->[:unityLibrary] AndroidManifest.xml:54:13-45
64            android:value="0" />
64-->[:unityLibrary] AndroidManifest.xml:55:13-30
65        <meta-data
65-->[:unityLibrary] AndroidManifest.xml:56:9-58:36
66            android:name="unity.splash-enable"
66-->[:unityLibrary] AndroidManifest.xml:57:13-47
67            android:value="True" />
67-->[:unityLibrary] AndroidManifest.xml:58:13-33
68        <meta-data
68-->[:unityLibrary] AndroidManifest.xml:59:9-61:36
69            android:name="unity.launch-fullscreen"
69-->[:unityLibrary] AndroidManifest.xml:60:13-51
70            android:value="True" />
70-->[:unityLibrary] AndroidManifest.xml:61:13-33
71        <meta-data
71-->[:unityLibrary] AndroidManifest.xml:62:9-64:37
72            android:name="unity.allow-resizable-window"
72-->[:unityLibrary] AndroidManifest.xml:63:13-56
73            android:value="False" />
73-->[:unityLibrary] AndroidManifest.xml:64:13-34
74        <meta-data
74-->[:unityLibrary] AndroidManifest.xml:65:9-67:50
75            android:name="notch.config"
75-->[:unityLibrary] AndroidManifest.xml:66:13-40
76            android:value="portrait|landscape" />
76-->[:unityLibrary] AndroidManifest.xml:67:13-47
77    </application>
78
79</manifest>